textviewermodule/build/outputs/mapping/release/mapping.txt
# compiler: R8
# compiler_version: 8.5.10
# common_typos_disable
# {"id":"com.android.tools.r8.mapping","version":"2.2"}
# pg_map_id: 9387857
# pg_map_hash: SHA-256 93878572977cbabf3c9071d207a86801f6847f882ab4a9f6bce1da89b5039f78
com.bharathvishal.textfileviewer.Activities.ComposableSingletons$TextViewMainActivityKt -> com.bharathvishal.textfileviewer.Activities.b:
# {"id":"sourceFile","fileName":"TextViewMainActivity.kt"}
    kotlin.jvm.functions.Function2 lambda-1 -> a
      # {"id":"com.android.tools.r8.residualsignature","signature":"Landroidx/compose/runtime/internal/ComposableLambda;"}
com.bharathvishal.textfileviewer.Activities.ComposableSingletons$TextViewMainActivityKt$lambda-1$1 -> com.bharathvishal.textfileviewer.Activities.a:
# {"id":"sourceFile","fileName":"TextViewMainActivity.kt"}
    com.bharathvishal.textfileviewer.Activities.ComposableSingletons$TextViewMainActivityKt$lambda-1$1 INSTANCE -> a
      # {"id":"com.android.tools.r8.residualsignature","signature":"Lcom/bharathvishal/textfileviewer/Activities/a;"}
    1:1:void invoke(androidx.compose.runtime.Composer,int):0:0 -> invoke
    1:1:java.lang.Object invoke(java.lang.Object,java.lang.Object):0 -> invoke
    2:2:java.lang.Object invoke(java.lang.Object,java.lang.Object):0:0 -> invoke
com.bharathvishal.textfileviewer.Activities.ExampleActivityJava -> com.bharathvishal.textfileviewer.Activities.ExampleActivityJava:
# {"id":"sourceFile","fileName":"ExampleActivityJava.java"}
com.bharathvishal.textfileviewer.Activities.ExampleActivityKotlinCompose -> com.bharathvishal.textfileviewer.Activities.ExampleActivityKotlinCompose:
# {"id":"sourceFile","fileName":"ExampleActivityKotlinCompose.kt"}
    1:1:void TextViewHere(androidx.compose.runtime.Composer,int):0:0 -> a
    2:2:kotlin.Unit TextViewHere$lambda$0(com.bharathvishal.textfileviewer.Activities.ExampleActivityKotlinCompose,int,androidx.compose.runtime.Composer,int):0:0 -> a
com.bharathvishal.textfileviewer.Activities.ExampleActivityKotlinCompose$onCreate$1 -> com.bharathvishal.textfileviewer.Activities.e:
# {"id":"sourceFile","fileName":"ExampleActivityKotlinCompose.kt"}
    com.bharathvishal.textfileviewer.Activities.ExampleActivityKotlinCompose this$0 -> a
    1:1:void invoke(androidx.compose.runtime.Composer,int):0:0 -> invoke
    1:1:java.lang.Object invoke(java.lang.Object,java.lang.Object):0 -> invoke
    2:2:java.lang.Object invoke(java.lang.Object,java.lang.Object):0:0 -> invoke
com.bharathvishal.textfileviewer.Activities.ExampleActivityKotlinCompose$onCreate$1$1 -> com.bharathvishal.textfileviewer.Activities.d:
# {"id":"sourceFile","fileName":"ExampleActivityKotlinCompose.kt"}
    com.bharathvishal.textfileviewer.Activities.ExampleActivityKotlinCompose this$0 -> a
    1:1:void invoke(androidx.compose.runtime.Composer,int):0:0 -> invoke
    1:1:java.lang.Object invoke(java.lang.Object,java.lang.Object):0 -> invoke
    2:2:java.lang.Object invoke(java.lang.Object,java.lang.Object):0:0 -> invoke
com.bharathvishal.textfileviewer.Activities.ExampleActivityKotlinCompose$onCreate$1$1$1 -> com.bharathvishal.textfileviewer.Activities.c:
# {"id":"sourceFile","fileName":"ExampleActivityKotlinCompose.kt"}
    com.bharathvishal.textfileviewer.Activities.ExampleActivityKotlinCompose this$0 -> a
    1:1:void invoke(androidx.compose.runtime.Composer,int):0:0 -> invoke
    1:1:java.lang.Object invoke(java.lang.Object,java.lang.Object):0 -> invoke
    2:2:java.lang.Object invoke(java.lang.Object,java.lang.Object):0:0 -> invoke